<?xml version="1.0" encoding="UTF-8" ?>
<testsuite errors="0" skipped="0" tests="5" time="0.603" failures="0" name="net.sf.taverna.t2.cyclone.PortBindingTest">
  <properties>
    <property value="Java(TM) 2 Runtime Environment, Standard Edition" name="java.runtime.name"/>
    <property value="/System/Library/Frameworks/JavaVM.framework/Versions/1.5.0/Libraries" name="sun.boot.library.path"/>
    <property value="1.5.0_13-119" name="java.vm.version"/>
    <property value="true" name="awt.nativeDoubleBuffering"/>
    <property value="false" name="gopherProxySet"/>
    <property value="/Users/paolo/Library/Application Support/Taverna-1.7.0/logs" name="taverna.logdir"/>
    <property value="Apple Inc." name="java.vm.vendor"/>
    <property value="http://www.apple.com/" name="java.vendor.url"/>
    <property value=":" name="path.separator"/>
    <property value="Java HotSpot(TM) Client VM" name="java.vm.name"/>
    <property value="sun.io" name="file.encoding.pkg"/>
    <property value="US" name="user.country"/>
    <property value="SUN_STANDARD" name="sun.java.launcher"/>
    <property value="unknown" name="sun.os.patch.level"/>
    <property value="Java Virtual Machine Specification" name="java.vm.specification.name"/>
    <property value="/Users/paolo/Documents/workspace/T2Core-provenance-prototype/cyclone-impl" name="user.dir"/>
    <property value="1.5.0_13-b05-237" name="java.runtime.version"/>
    <property value="apple.awt.CGraphicsEnvironment" name="java.awt.graphicsenv"/>
    <property value="/Users/paolo/Documents/workspace/T2Core-provenance-prototype/cyclone-impl" name="basedir"/>
    <property value="/System/Library/Frameworks/JavaVM.framework/Versions/1.5.0/Home/lib/endorsed" name="java.endorsed.dirs"/>
    <property value="i386" name="os.arch"/>
    <property value="/Users/paolo/Library/Application Support/Taverna-1.7.0" name="taverna.home"/>
    <property value="/tmp" name="java.io.tmpdir"/>
    <property value="
" name="line.separator"/>
    <property value="Sun Microsystems Inc." name="java.vm.specification.vendor"/>
    <property value="Mac OS X" name="os.name"/>
    <property value="/Library/apache-maven-2.0.8/bin/m2.conf" name="classworlds.conf"/>
    <property value="MacRoman" name="sun.jnu.encoding"/>
    <property value=".:/Library/Java/Extensions:/System/Library/Java/Extensions:/usr/lib/java" name="java.library.path"/>
    <property value="/Users/paolo/Documents/workspace/T2Core-provenance-prototype/cyclone-impl/target/test-classes:/Users/paolo/Documents/workspace/T2Core-provenance-prototype/cyclone-impl/target/classes:/Users/paolo/Documents/workspace/T2Core-provenance-prototype/cyclone-api/target/cyclone-api-0.1.0.jar:/Users/paolo/Documents/workspace/T2Core-provenance-prototype/maelstrom-api/target/maelstrom-api-0.1.0.jar:/Users/paolo/Documents/workspace/T2Core-provenance-prototype/cloudone-api/target/cloudone-api-0.1.0.jar:/Users/paolo/Documents/workspace/T2Core-provenance-prototype/tsunami-api/target/tsunami-api-0.1.0.jar:/Users/paolo/Documents/workspace/T2Core-provenance-prototype/snowflake-api/target/snowflake-api-0.1.0.jar:/Users/paolo/Documents/workspace/T2Core-provenance-prototype/lang/observer/target/observer-0.1.0.jar:/Users/paolo/.m2/repository/log4j/log4j/1.2.13/log4j-1.2.13.jar:/Users/paolo/.m2/repository/uk/org/mygrid/taverna/raven/raven/1.7.0.0/raven-1.7.0.0.jar:/Users/paolo/.m2/repository/uk/org/mygrid/taverna/raven/raven-log4j/1.7.0.0/raven-log4j-1.7.0.0.jar:/Users/paolo/Documents/workspace/T2Core-provenance-prototype/util/beanable-api/target/beanable-api-0.1.0.jar:/Users/paolo/.m2/repository/javax/xml/bind/jaxb-api/2.0/jaxb-api-2.0.jar:/Users/paolo/.m2/repository/javax/xml/bind/jsr173_api/1.0/jsr173_api-1.0.jar:/Users/paolo/.m2/repository/javax/activation/activation/1.1/activation-1.1.jar:/Users/paolo/.m2/repository/javax/persistence/persistence-api/1.0/persistence-api-1.0.jar:/Users/paolo/Documents/workspace/T2Core-provenance-prototype/provenance-api/target/provenance-api-0.1.0.jar:/Users/paolo/Documents/workspace/T2Core-provenance-prototype/cloudone-impl/target/cloudone-impl-0.1.0.jar:/Users/paolo/.m2/repository/jdom/jdom/1.0/jdom-1.0.jar:/Users/paolo/Documents/workspace/T2Core-provenance-prototype/util/beanable-jaxb/target/beanable-jaxb-0.1.0.jar:/Users/paolo/.m2/repository/com/sun/xml/bind/jaxb-impl/2.0.3/jaxb-impl-2.0.3.jar:/Users/paolo/.m2/repository/commons-io/commons-io/1.3/commons-io-1.3.jar:/Users/paolo/.m2/repository/commons-httpclient/commons-httpclient/3.1/commons-httpclient-3.1.jar:/Users/paolo/.m2/repository/commons-logging/commons-logging/1.0.4/commons-logging-1.0.4.jar:/Users/paolo/.m2/repository/commons-codec/commons-codec/1.2/commons-codec-1.2.jar:/Users/paolo/.m2/repository/commons-lang/commons-lang/2.2/commons-lang-2.2.jar:/Users/paolo/.m2/repository/uk/org/mygrid/taverna/scufl/scufl-model/1.7.0.0/scufl-model-1.7.0.0.jar:/Users/paolo/.m2/repository/uk/org/mygrid/taverna/baclava/baclava-core/1.7.0.0/baclava-core-1.7.0.0.jar:/Users/paolo/.m2/repository/uk/org/mygrid/taverna/taverna-core/1.7.0.0/taverna-core-1.7.0.0.jar:/Users/paolo/.m2/repository/uk/org/mygrid/taverna/taverna-bootstrap/1.7.0.0/taverna-bootstrap-1.7.0.0.jar:/Users/paolo/.m2/repository/uk/org/mygrid/resources/freefluo/NO-VERSION/freefluo-NO-VERSION.jar:/Users/paolo/Documents/workspace/T2Core-provenance-prototype/maelstrom-impl/target/maelstrom-impl-0.1.0.jar:/Users/paolo/Documents/workspace/T2Core-provenance-prototype/provenance-impl/target/provenance-impl-0.1.0.jar:/Users/paolo/Documents/workspace/T2Core-provenance-prototype/util/tools/target/tools-0.1.0.jar:/Users/paolo/.m2/repository/axis/axis-jaxrpc/1.3/axis-jaxrpc-1.3.jar:/Users/paolo/.m2/repository/axis/axis/1.4/axis-1.4.jar:/Users/paolo/.m2/repository/axis/axis-saaj/1.3/axis-saaj-1.3.jar:/Users/paolo/.m2/repository/axis/axis-wsdl4j/1.5.1/axis-wsdl4j-1.5.1.jar:/Users/paolo/.m2/repository/commons-discovery/commons-discovery/0.2/commons-discovery-0.2.jar:/Users/paolo/.m2/repository/net/sf/taverna/t2/service/provenance-wsdl/1.0-SNAPSHOT/provenance-wsdl-1.0-SNAPSHOT.jar:/Users/paolo/.m2/repository/mysql/mysql-connector-java/5.1.5/mysql-connector-java-5.1.5.jar:/Users/paolo/.m2/repository/jmimemagic/jmimemagic/0.1.1/jmimemagic-0.1.1.jar:/Users/paolo/.m2/repository/oro/oro/2.0.8/oro-2.0.8.jar:/Users/paolo/.m2/repository/xerces/xercesImpl/2.4.0/xercesImpl-2.4.0.jar:/Users/paolo/.m2/repository/xml-apis/xml-apis/1.0.b2/xml-apis-1.0.b2.jar:/Users/paolo/.m2/repository/xml-apis/xmlParserAPIs/2.0.2/xmlParserAPIs-2.0.2.jar:/Users/paolo/.m2/repository/uk/org/mygrid/taverna/processors/taverna-stringconstant-processor/1.7.0.0/taverna-stringconstant-processor-1.7.0.0.jar:/Users/paolo/.m2/repository/uk/org/mygrid/taverna/taverna-scavenger/1.7.0.0/taverna-scavenger-1.7.0.0.jar:/Users/paolo/.m2/repository/uk/org/mygrid/taverna/scufl/scufl-ui-api/1.7.0.0/scufl-ui-api-1.7.0.0.jar:/Users/paolo/.m2/repository/uk/org/mygrid/taverna/processors/taverna-java-processor/1.7.0.0/taverna-java-processor-1.7.0.0.jar:/Users/paolo/.m2/repository/javax/mail/mail/1.4/mail-1.4.jar:/Users/paolo/.m2/repository/junit/junit/4.4/junit-4.4.jar:/Users/paolo/.m2/repository/uk/org/mygrid/taverna/processors/taverna-beanshell-processor/1.7.0.0/taverna-beanshell-processor-1.7.0.0.jar:/Users/paolo/.m2/repository/uk/org/mygrid/taverna/processors/taverna-dependency-processor/1.7.0.0/taverna-dependency-processor-1.7.0.0.jar:/Users/paolo/.m2/repository/uk/org/mygrid/resources/jedit-syntax/2.2.2/jedit-syntax-2.2.2.jar:/Users/paolo/.m2/repository/org/beanshell/bsh/2.0b4/bsh-2.0b4.jar:/Users/paolo/.m2/repository/net/sf/taverna/t2/beanshell-activity-translator/0.1.0/beanshell-activity-translator-0.1.0.jar:/Users/paolo/.m2/repository/net/sf/taverna/t2/beanshell-activity/0.1.0/beanshell-activity-0.1.0.jar:/Users/paolo/.m2/repository/uk/org/mygrid/taverna/processors/taverna-biomart-processor/1.7.0.0/taverna-biomart-processor-1.7.0.0.jar:/Users/paolo/.m2/repository/org/biomart/martservice/0.6.2/martservice-0.6.2.jar:/Users/paolo/.m2/repository/org/biomart/martj/0.6/martj-0.6.jar:/Users/paolo/.m2/repository/net/sf/taverna/t2/biomart-activity-translator/0.1.0/biomart-activity-translator-0.1.0.jar:/Users/paolo/.m2/repository/net/sf/taverna/t2/biomart-activity/0.1.0/biomart-activity-0.1.0.jar:/Users/paolo/.m2/repository/uk/org/mygrid/taverna/processors/taverna-soaplab-processor/1.7.0.0/taverna-soaplab-processor-1.7.0.0.jar:/Users/paolo/.m2/repository/uk/org/mygrid/resources/axis/1.4-taverna/axis-1.4-taverna.jar:/Users/paolo/.m2/repository/wsdl4j/wsdl4j/1.5.1/wsdl4j-1.5.1.jar:/Users/paolo/.m2/repository/net/sf/taverna/t2/soaplab-activity-translator/0.1.0/soaplab-activity-translator-0.1.0.jar:/Users/paolo/.m2/repository/net/sf/taverna/t2/soaplab-activity/0.1.0/soaplab-activity-0.1.0.jar:/Users/paolo/.m2/repository/net/sf/taverna/t2/stringconstant-activity-translator/0.1.0/stringconstant-activity-translator-0.1.0.jar:/Users/paolo/.m2/repository/net/sf/taverna/t2/stringconstant-activity/0.1.0/stringconstant-activity-0.1.0.jar:/Users/paolo/.m2/repository/uk/org/mygrid/taverna/processors/taverna-localworkers/1.7.0.0/taverna-localworkers-1.7.0.0.jar:" name="surefire.test.class.path"/>
    <property value="true" name="raven.eclipse"/>
    <property value="Java Platform API Specification" name="java.specification.name"/>
    <property value="49.0" name="java.class.version"/>
    <property value="HotSpot Client Compiler" name="sun.management.compiler"/>
    <property value="10.5.2" name="os.version"/>
    <property value="local|*.local|169.254/16|*.169.254/16" name="http.nonProxyHosts"/>
    <property value="/Users/paolo" name="user.home"/>
    <property value="Europe/Dublin" name="user.timezone"/>
    <property value="apple.awt.CPrinterJob" name="java.awt.printerjob"/>
    <property value="1.5" name="java.specification.version"/>
    <property value="MacRoman" name="file.encoding"/>
    <property value="paolo" name="user.name"/>
    <property value="/Library/apache-maven-2.0.8/boot/classworlds-1.1.jar" name="java.class.path"/>
    <property value="false" name="apple.awt.graphics.UseQuartz"/>
    <property value="1.0" name="java.vm.specification.version"/>
    <property value="32" name="sun.arch.data.model"/>
    <property value="/System/Library/Frameworks/JavaVM.framework/Versions/1.5.0/Home" name="java.home"/>
    <property value="Sun Microsystems Inc." name="java.specification.vendor"/>
    <property value="en" name="user.language"/>
    <property value="apple.awt.CToolkit" name="awt.toolkit"/>
    <property value="mixed mode, sharing" name="java.vm.info"/>
    <property value="1.5.0_13" name="java.version"/>
    <property value="/Library/Java/Extensions:/System/Library/Java/Extensions:/System/Library/Frameworks/JavaVM.framework/Versions/1.5.0/Home/lib/ext" name="java.ext.dirs"/>
    <property value="/System/Library/Frameworks/JavaVM.framework/Versions/1.5.0/Classes/classes.jar:/System/Library/Frameworks/JavaVM.framework/Versions/1.5.0/Classes/ui.jar:/System/Library/Frameworks/JavaVM.framework/Versions/1.5.0/Classes/laf.jar:/System/Library/Frameworks/JavaVM.framework/Versions/1.5.0/Classes/sunrsasign.jar:/System/Library/Frameworks/JavaVM.framework/Versions/1.5.0/Classes/jsse.jar:/System/Library/Frameworks/JavaVM.framework/Versions/1.5.0/Classes/jce.jar:/System/Library/Frameworks/JavaVM.framework/Versions/1.5.0/Classes/charsets.jar" name="sun.boot.class.path"/>
    <property value="Apple Inc." name="java.vendor"/>
    <property value="true" name="java.awt.headless"/>
    <property value="/Library/apache-maven-2.0.8" name="maven.home"/>
    <property value="/Users/paolo/.m2/repository" name="localRepository"/>
    <property value="/" name="file.separator"/>
    <property value="http://bugreport.apple.com/" name="java.vendor.url.bug"/>
    <property value="little" name="sun.cpu.endian"/>
    <property value="UnicodeLittle" name="sun.io.unicode.encoding"/>
    <property value="1040.1.5.0_13-237" name="mrj.version"/>
    <property value="local|*.local|169.254/16|*.169.254/16" name="socksNonProxyHosts"/>
    <property value="local|*.local|169.254/16|*.169.254/16" name="ftp.nonProxyHosts"/>
    <property value="" name="sun.cpu.isalist"/>
    <property value="apple.awt.CToolkit$EventQueueExceptionHandler" name="sun.awt.exception.handler"/>
  </properties>
  <testcase classname="net.sf.taverna.t2.cyclone.PortBindingTest" time="0.451" name="testRemovalOfUnboundPorts"/>
  <testcase classname="net.sf.taverna.t2.cyclone.PortBindingTest" time="0.096" name="testReplaceDefaultWithStringConstant"/>
  <testcase classname="net.sf.taverna.t2.cyclone.PortBindingTest" time="0.018" name="testDefaultAndUnboundMixed"/>
  <testcase classname="net.sf.taverna.t2.cyclone.PortBindingTest" time="0.021" name="testBoundPortOverridesDefault"/>
  <testcase classname="net.sf.taverna.t2.cyclone.PortBindingTest" time="0.012" name="testInvalidDefaultPortName"/>
</testsuite>