<?xml version="1.0" encoding="UTF-8" ?>
<testsuite errors="0" skipped="0" tests="4" time="0.018" failures="0" name="net.sf.taverna.t2.workflowmodel.serialization.xml.DataflowXMLSerializerTest">
  <properties>
    <property value="Apple Inc." name="java.vendor"/>
    <property value="/Users/Ian/.m2/repository" name="localRepository"/>
    <property value="SUN_STANDARD" name="sun.java.launcher"/>
    <property value="HotSpot Client Compiler" name="sun.management.compiler"/>
    <property value="692650" name="env.SECURITYSESSIONID"/>
    <property value="Mac OS X" name="os.name"/>
    <property value="/System/Library/Frameworks/JavaVM.framework/Versions/1.5.0/Classes/classes.jar:/System/Library/Frameworks/JavaVM.framework/Versions/1.5.0/Classes/ui.jar:/System/Library/Frameworks/JavaVM.framework/Versions/1.5.0/Classes/laf.jar:/System/Library/Frameworks/JavaVM.framework/Versions/1.5.0/Classes/sunrsasign.jar:/System/Library/Frameworks/JavaVM.framework/Versions/1.5.0/Classes/jsse.jar:/System/Library/Frameworks/JavaVM.framework/Versions/1.5.0/Classes/jce.jar:/System/Library/Frameworks/JavaVM.framework/Versions/1.5.0/Classes/charsets.jar" name="sun.boot.class.path"/>
    <property value="/var/folders/98/98OeDyaSGTOBXz+04bujDU+++TI/-Tmp-/" name="env.TMPDIR"/>
    <property value="/Users/Ian/workspace/t2core" name="env.PWD"/>
    <property value="en_GB.UTF-8" name="env.LANG"/>
    <property value="Sun Microsystems Inc." name="java.vm.specification.vendor"/>
    <property value="1.5.0_13-b05-237" name="java.runtime.version"/>
    <property value="/Users/Ian/ws-core-4.0.5" name="env.GLOBUS_LOCATION"/>
    <property value="/tmp/launch-qVqltD/Render" name="env.Apple_PubSub_Socket_Render"/>
    <property value="/tmp/launch-GAZrpQ/:0" name="env.DISPLAY"/>
    <property value="/Users/Ian/axis-1_4" name="env.AXIS_HOME"/>
    <property value="Ian" name="user.name"/>
    <property value="Ian" name="env.USER"/>
    <property value="/bin/bash" name="env.SHELL"/>
    <property value="0x1F5:0:2" name="env.__CF_USER_TEXT_ENCODING"/>
    <property value="true" name="awt.nativeDoubleBuffering"/>
    <property value="/opt/local/bin:/opt/local/sbin:/opt/local/bin:/opt/local/sbin:/opt/local/bin:/opt/local/sbin:/usr/bin:/bin:/usr/sbin:/sbin:/usr/local/bin:/usr/X11/bin:/usr/local/bin:/Users/Ian/tools/:/Users/Ian/apache-ant-1.7.0/bin:/usr/local/mysql/bin:/Users/Ian/ws-core-4.0.5/bin:/usr/local/bin:/Users/Ian/tools/:/Users/Ian/apache-ant-1.7.0/bin:/usr/local/mysql/bin:/Users/Ian/ws-core-4.0.5/bin:/usr/local/bin:/Users/Ian/tools/:/Users/Ian/apache-ant-1.7.0/bin:/usr/local/mysql/bin:/Users/Ian/ws-core-4.0.5/bin" name="env.PATH"/>
    <property value="en" name="user.language"/>
    <property value="/System/Library/Frameworks/JavaVM.framework/Versions/1.5.0/Libraries" name="sun.boot.library.path"/>
    <property value="/usr/share/maven/bin/m2.conf" name="classworlds.conf"/>
    <property value="1.5.0_13" name="java.version"/>
    <property value="Europe/London" name="user.timezone"/>
    <property value="32" name="sun.arch.data.model"/>
    <property value="/System/Library/Frameworks/JavaVM.framework/Versions/1.5.0/Home/lib/endorsed" name="java.endorsed.dirs"/>
    <property value="" name="sun.cpu.isalist"/>
    <property value="MacRoman" name="sun.jnu.encoding"/>
    <property value="sun.io" name="file.encoding.pkg"/>
    <property value="1" name="env.SHLVL"/>
    <property value="/" name="file.separator"/>
    <property value="Java Platform API Specification" name="java.specification.name"/>
    <property value="49.0" name="java.class.version"/>
    <property value="GB" name="user.country"/>
    <property value="/System/Library/Frameworks/JavaVM.framework/Versions/1.5.0/Home" name="java.home"/>
    <property value="/Users/Ian/android_sdk_darwin_m3-rc20a" name="env.ANDROID_HOME"/>
    <property value="mixed mode, sharing" name="java.vm.info"/>
    <property value="/Users/Ian/apache-tomcat-6.0.14" name="env.CATALINA_HOME"/>
    <property value="Ian" name="env.LOGNAME"/>
    <property value="10.5.4" name="os.version"/>
    <property value="240" name="env.TERM_PROGRAM_VERSION"/>
    <property value="true" name="raven.eclipse"/>
    <property value=":" name="path.separator"/>
    <property value="1.5.0_13-119" name="java.vm.version"/>
    <property value="/Library/Java/Home" name="env.JAVA_HOME"/>
    <property value="apple.awt.CPrinterJob" name="java.awt.printerjob"/>
    <property value="xterm-color" name="env.TERM"/>
    <property value="UnicodeLittle" name="sun.io.unicode.encoding"/>
    <property value="apple.awt.CToolkit" name="awt.toolkit"/>
    <property value="/usr/share/man:/usr/local/share/man:/usr/X11/man" name="env.MANPATH"/>
    <property value="/Users/Ian" name="user.home"/>
    <property value="/Users/Ian/workspace/t2core" name="env.OLDPWD"/>
    <property value="Sun Microsystems Inc." name="java.specification.vendor"/>
    <property value=":/Users/Ian/downloads/db-derby-10.4.1.3-bin/lib/derby.jar:/Users/Ian/downloads/db-derby-10.4.1.3-bin/lib/derbytools.jar" name="env.CLASSPATH"/>
    <property value="Apple_Terminal" name="env.TERM_PROGRAM"/>
    <property value=".:/Library/Java/Extensions:/System/Library/Java/Extensions:/usr/lib/java" name="java.library.path"/>
    <property value="http://www.apple.com/" name="java.vendor.url"/>
    <property value="Apple Inc." name="java.vm.vendor"/>
    <property value="false" name="gopherProxySet"/>
    <property value="/usr/share/maven" name="maven.home"/>
    <property value="Java(TM) 2 Runtime Environment, Standard Edition" name="java.runtime.name"/>
    <property value="/usr/share/maven/boot/classworlds-1.1.jar" name="java.class.path"/>
    <property value="Java Virtual Machine Specification" name="java.vm.specification.name"/>
    <property value="1.0" name="java.vm.specification.version"/>
    <property value="little" name="sun.cpu.endian"/>
    <property value="unknown" name="sun.os.patch.level"/>
    <property value="true" name="java.awt.headless"/>
    <property value="/Users/Ian" name="env.HOME"/>
    <property value="/Users/Ian/apache-ant-1.7.0" name="env.ANT_HOME"/>
    <property value="/Users/Ian/workspace/t2core/serializer/serializer-impl/target/test-classes:/Users/Ian/workspace/t2core/serializer/serializer-impl/target/classes:/Users/Ian/.m2/repository/jdom/jdom/1.0/jdom-1.0.jar:/Users/Ian/workspace/t2core/serializer/serializer-api/target/serializer-api-0.3-SNAPSHOT.jar:/Users/Ian/workspace/t2core/workflowmodel-api/target/workflowmodel-api-0.3-SNAPSHOT.jar:/Users/Ian/.m2/repository/net/sf/taverna/t2/t2reference-api/0.1-SNAPSHOT/t2reference-api-0.1-SNAPSHOT.jar:/Users/Ian/.m2/repository/org/springframework/spring-tx/2.5.4/spring-tx-2.5.4.jar:/Users/Ian/.m2/repository/commons-logging/commons-logging/1.1.1/commons-logging-1.1.1.jar:/Users/Ian/.m2/repository/org/springframework/spring-beans/2.5.4/spring-beans-2.5.4.jar:/Users/Ian/.m2/repository/org/springframework/spring-core/2.5.4/spring-core-2.5.4.jar:/Users/Ian/.m2/repository/org/springframework/spring-context/2.5.4/spring-context-2.5.4.jar:/Users/Ian/.m2/repository/aopalliance/aopalliance/1.0/aopalliance-1.0.jar:/Users/Ian/.m2/repository/net/sf/taverna/t2/spi-discovery-api/0.3-SNAPSHOT/spi-discovery-api-0.3-SNAPSHOT.jar:/Users/Ian/.m2/repository/net/sf/taverna/t2/observer/0.3-SNAPSHOT/observer-0.3-SNAPSHOT.jar:/Users/Ian/.m2/repository/log4j/log4j/1.2.12/log4j-1.2.12.jar:/Users/Ian/.m2/repository/uk/org/mygrid/taverna/raven/raven/1.7-SNAPSHOT/raven-1.7-SNAPSHOT.jar:/Users/Ian/.m2/repository/uk/org/mygrid/taverna/raven/raven-log4j/1.7-SNAPSHOT/raven-log4j-1.7-SNAPSHOT.jar:/Users/Ian/workspace/t2core/security-api/target/security-api-0.3-SNAPSHOT.jar:/Users/Ian/.m2/repository/net/sf/taverna/t2/provenance/provenance-api/0.0.1-SNAPSHOT/provenance-api-0.0.1-SNAPSHOT.jar:/Users/Ian/workspace/t2core/workflowmodel-impl/target/workflowmodel-impl-0.3-SNAPSHOT.jar:/Users/Ian/.m2/repository/com/thoughtworks/xstream/xstream/1.2.1/xstream-1.2.1.jar:/Users/Ian/.m2/repository/xpp3/xpp3_min/1.1.3.4.O/xpp3_min-1.1.3.4.O.jar:/Users/Ian/.m2/repository/net/sf/taverna/t2/provenance/provenance-impl/0.0.1-SNAPSHOT/provenance-impl-0.0.1-SNAPSHOT.jar:/Users/Ian/.m2/repository/junit/junit/4.4/junit-4.4.jar:" name="surefire.test.class.path"/>
    <property value="/tmp" name="java.io.tmpdir"/>
    <property value="http://bugreport.apple.com/" name="java.vendor.url.bug"/>
    <property value="/tmp/launch-ZdsY24/Listeners" name="env.SSH_AUTH_SOCK"/>
    <property value="unix2003" name="env.COMMAND_MODE"/>
    <property value="apple.awt.CGraphicsEnvironment" name="java.awt.graphicsenv"/>
    <property value="i386" name="os.arch"/>
    <property value="org.codehaus.classworlds.Launcher" name="env.JAVA_MAIN_CLASS_22058"/>
    <property value="/Library/Java/Extensions:/System/Library/Java/Extensions:/System/Library/Frameworks/JavaVM.framework/Versions/1.5.0/Home/lib/ext" name="java.ext.dirs"/>
    <property value="/Users/Ian/workspace/t2core/serializer/serializer-impl" name="user.dir"/>
    <property value="1040.1.5.0_13-237" name="mrj.version"/>
    <property value="
" name="line.separator"/>
    <property value="Java HotSpot(TM) Client VM" name="java.vm.name"/>
    <property value="/Users/Ian/axis-1_4/lib" name="env.AXIS_LIB"/>
    <property value="/Users/Ian/workspace/t2core/serializer/serializer-impl" name="basedir"/>
    <property value="/Users/Ian/downloads/db-derby-10.4.1.3-bin" name="env.DERBY_INSTALL"/>
    <property value="MacRoman" name="file.encoding"/>
    <property value="1.5" name="java.specification.version"/>
  </properties>
  <testcase classname="net.sf.taverna.t2.workflowmodel.serialization.xml.DataflowXMLSerializerTest" time="0.001" name="testDataflowInputPorts"/>
  <testcase classname="net.sf.taverna.t2.workflowmodel.serialization.xml.DataflowXMLSerializerTest" time="0.001" name="testDataflowNameandId"/>
  <testcase classname="net.sf.taverna.t2.workflowmodel.serialization.xml.DataflowXMLSerializerTest" time="0.001" name="testDataflowOutputPorts"/>
  <testcase classname="net.sf.taverna.t2.workflowmodel.serialization.xml.DataflowXMLSerializerTest" time="0.006" name="testDataflowNamespace"/>
</testsuite>