<?xml version="1.0" encoding="UTF-8"?>
<s:scufl xmlns:s="http://org.embl.ebi.escience/xscufl/0.1alpha" version="0.2" log="0">
  <s:workflowdescription lsid="urn:lsid:net.sf.taverna:wfDefinition:10239312-eb38-4279-8fb7-236fe5eba274" author="" title="l(s) -&gt; s with iteration">P1: l(s) -&gt; s
but gets l(l(s)) input
how does iteration work here?</s:workflowdescription>
  <s:processor name="P1">
    <s:beanshell>
      <s:scriptvalue>Y1 = new ArrayList();
Y1.add(1);
Y1.add(2);

Y2 = new ArrayList();
Y2.add(100);
Y2.add(200);

Y = new ArrayList();
Y.add(Y1);
Y.add(Y2);</s:scriptvalue>
      <s:beanshellinputlist />
      <s:beanshelloutputlist>
        <s:beanshelloutput s:syntactictype="l(l(l('text/plain')))">Y</s:beanshelloutput>
      </s:beanshelloutputlist>
      <s:dependencies s:classloader="iteration" />
    </s:beanshell>
  </s:processor>
  <s:processor name="P2">
    <s:beanshell>
      <s:scriptvalue>Z = 0;
for (int i=0; i&lt; X.size(); i++) {
  Z =  Z + X.get(i);
}
Y = "P2:"+Z;</s:scriptvalue>
      <s:beanshellinputlist>
        <s:beanshellinput s:syntactictype="l('text/plain')">X</s:beanshellinput>
      </s:beanshellinputlist>
      <s:beanshelloutputlist>
        <s:beanshelloutput s:syntactictype="'text/plain'">Y</s:beanshelloutput>
      </s:beanshelloutputlist>
      <s:dependencies s:classloader="iteration" />
    </s:beanshell>
  </s:processor>
  <s:link source="P1:Y" sink="P2:X" />
  <s:link source="P2:Y" sink="O" />
  <s:sink name="O" />
</s:scufl>

