<?xml version="1.0" encoding="UTF-8" ?>
<testsuite failures="0" time="0.154" errors="0" skipped="0" tests="10" name="net.sf.taverna.t2.reference.sadi.RDFReferenceTest">
  <properties>
    <property name="java.runtime.name" value="Java(TM) SE Runtime Environment"/>
    <property name="sun.boot.library.path" value="/System/Library/Frameworks/JavaVM.framework/Versions/1.6.0/Libraries"/>
    <property name="java.vm.version" value="14.3-b01-101"/>
    <property name="awt.nativeDoubleBuffering" value="true"/>
    <property name="gopherProxySet" value="false"/>
    <property name="mrj.build" value="10M3025"/>
    <property name="java.vm.vendor" value="Apple Inc."/>
    <property name="java.vendor.url" value="http://www.apple.com/"/>
    <property name="path.separator" value=":"/>
    <property name="java.vm.name" value="Java HotSpot(TM) 64-Bit Server VM"/>
    <property name="file.encoding.pkg" value="sun.io"/>
    <property name="user.country" value="US"/>
    <property name="sun.java.launcher" value="SUN_STANDARD"/>
    <property name="sun.os.patch.level" value="unknown"/>
    <property name="java.vm.specification.name" value="Java Virtual Machine Specification"/>
    <property name="user.dir" value="/Users/davidwithers/Documents/workspace/sadi-activity"/>
    <property name="java.runtime.version" value="1.6.0_17-b04-248-10M3025"/>
    <property name="java.awt.graphicsenv" value="apple.awt.CGraphicsEnvironment"/>
    <property name="basedir" value="/Users/davidwithers/Documents/workspace/sadi-activity"/>
    <property name="java.endorsed.dirs" value="/System/Library/Frameworks/JavaVM.framework/Versions/1.6.0/Home/lib/endorsed"/>
    <property name="os.arch" value="x86_64"/>
    <property name="surefire.real.class.path" value="/var/folders/2S/2S788uR8GL8g+od7wDVoEk+++TI/-Tmp-/surefirebooter8273077851183352762.jar"/>
    <property name="java.io.tmpdir" value="/var/folders/2S/2S788uR8GL8g+od7wDVoEk+++TI/-Tmp-/"/>
    <property name="line.separator" value="
"/>
    <property name="java.vm.specification.vendor" value="Sun Microsystems Inc."/>
    <property name="os.name" value="Mac OS X"/>
    <property name="sun.jnu.encoding" value="MacRoman"/>
    <property name="java.library.path" value=".:/Library/Java/Extensions:/System/Library/Java/Extensions:/usr/lib/java"/>
    <property name="surefire.test.class.path" value="/Users/davidwithers/Documents/workspace/sadi-activity/target/test-classes:/Users/davidwithers/Documents/workspace/sadi-activity/target/classes:/Users/davidwithers/.m2/repository/ca/wilkinsonlab/sadi/sadi-client/0.0.4-SNAPSHOT/sadi-client-0.0.4-SNAPSHOT.jar:/Users/davidwithers/.m2/repository/ca/wilkinsonlab/sadi/sadi-common/0.0.4-SNAPSHOT/sadi-common-0.0.4-SNAPSHOT.jar:/Users/davidwithers/.m2/repository/commons-lang/commons-lang/2.4/commons-lang-2.4.jar:/Users/davidwithers/.m2/repository/commons-configuration/commons-configuration/1.5/commons-configuration-1.5.jar:/Users/davidwithers/.m2/repository/commons-collections/commons-collections/3.2/commons-collections-3.2.jar:/Users/davidwithers/.m2/repository/commons-logging/commons-logging/1.1/commons-logging-1.1.jar:/Users/davidwithers/.m2/repository/logkit/logkit/1.0.1/logkit-1.0.1.jar:/Users/davidwithers/.m2/repository/avalon-framework/avalon-framework/4.1.3/avalon-framework-4.1.3.jar:/Users/davidwithers/.m2/repository/javax/servlet/servlet-api/2.3/servlet-api-2.3.jar:/Users/davidwithers/.m2/repository/commons-digester/commons-digester/1.8/commons-digester-1.8.jar:/Users/davidwithers/.m2/repository/commons-beanutils/commons-beanutils/1.7.0/commons-beanutils-1.7.0.jar:/Users/davidwithers/.m2/repository/commons-beanutils/commons-beanutils-core/1.7.0/commons-beanutils-core-1.7.0.jar:/Users/davidwithers/.m2/repository/commons-httpclient/commons-httpclient/3.1/commons-httpclient-3.1.jar:/Users/davidwithers/.m2/repository/commons-codec/commons-codec/1.3/commons-codec-1.3.jar:/Users/davidwithers/.m2/repository/org/xlightweb/xlightweb/2.10-taverna/xlightweb-2.10-taverna.jar:/Users/davidwithers/.m2/repository/org/xsocket/xSocket/2.8/xSocket-2.8.jar:/Users/davidwithers/.m2/repository/com/hp/hpl/jena/jena/2.6.0/jena-2.6.0.jar:/Users/davidwithers/.m2/repository/com/hp/hpl/jena/arq/2.7.0/arq-2.7.0.jar:/Users/davidwithers/.m2/repository/com/hp/hpl/jena/iri/0.6/iri-0.6.jar:/Users/davidwithers/.m2/repository/com/ibm/icu/icu4j/3.4.4/icu4j-3.4.4.jar:/Users/davidwithers/.m2/repository/org/slf4j/slf4j-api/1.5.6/slf4j-api-1.5.6.jar:/Users/davidwithers/.m2/repository/xerces/xercesImpl/2.7.1/xercesImpl-2.7.1.jar:/Users/davidwithers/.m2/repository/org/slf4j/slf4j-log4j12/1.5.6/slf4j-log4j12-1.5.6.jar:/Users/davidwithers/.m2/repository/stringtree/stringtree-json/2.0.9/stringtree-json-2.0.9.jar:/Users/davidwithers/.m2/repository/commons-io/commons-io/1.3.1/commons-io-1.3.1.jar:/Users/davidwithers/.m2/repository/net/sf/taverna/t2/core/workflowmodel-api/1.1/workflowmodel-api-1.1.jar:/Users/davidwithers/.m2/repository/net/sf/taverna/t2/core/reference-api/1.1/reference-api-1.1.jar:/Users/davidwithers/.m2/repository/org/springframework/spring-tx/2.5.4/spring-tx-2.5.4.jar:/Users/davidwithers/.m2/repository/org/springframework/spring-beans/2.5.4/spring-beans-2.5.4.jar:/Users/davidwithers/.m2/repository/org/springframework/spring-core/2.5.4/spring-core-2.5.4.jar:/Users/davidwithers/.m2/repository/org/springframework/spring-context/2.5.4/spring-context-2.5.4.jar:/Users/davidwithers/.m2/repository/aopalliance/aopalliance/1.0/aopalliance-1.0.jar:/Users/davidwithers/.m2/repository/net/sf/taverna/t2/infrastructure/spi-discovery-api/2.1/spi-discovery-api-2.1.jar:/Users/davidwithers/.m2/repository/net/sf/taverna/t2/lang/observer/1.0/observer-1.0.jar:/Users/davidwithers/.m2/repository/log4j/log4j/1.2.13/log4j-1.2.13.jar:/Users/davidwithers/.m2/repository/net/sf/taverna/t2/infrastructure/raven/2.1/raven-2.1.jar:/Users/davidwithers/.m2/repository/net/sf/taverna/t2/infrastructure/raven-log4j/2.1/raven-log4j-2.1.jar:/Users/davidwithers/.m2/repository/net/sf/taverna/t2/infrastructure/appconfig/2.1/appconfig-2.1.jar:/Users/davidwithers/.m2/repository/net/sf/taverna/t2/infrastructure/launcher-api/2.1/launcher-api-2.1.jar:/Users/davidwithers/.m2/repository/net/sf/taverna/t2/infrastructure/prelauncher/2.1/prelauncher-2.1.jar:/Users/davidwithers/.m2/repository/jdom/jdom/1.0/jdom-1.0.jar:/Users/davidwithers/.m2/repository/net/sf/taverna/t2/core/workflowmodel-impl/1.1/workflowmodel-impl-1.1.jar:/Users/davidwithers/.m2/repository/com/thoughtworks/xstream/xstream/1.2.1/xstream-1.2.1.jar:/Users/davidwithers/.m2/repository/xpp3/xpp3_min/1.1.3.4.O/xpp3_min-1.1.3.4.O.jar:/Users/davidwithers/.m2/repository/net/sf/taverna/t2/activities/activity-test-utils/1.1/activity-test-utils-1.1.jar:/Users/davidwithers/.m2/repository/net/sf/taverna/t2/core/reference-impl/1.1/reference-impl-1.1.jar:/Users/davidwithers/.m2/repository/org/hibernate/hibernate/3.2.5.ga.raven/hibernate-3.2.5.ga.raven.jar:/Users/davidwithers/.m2/repository/dom4j/dom4j/1.6.1/dom4j-1.6.1.jar:/Users/davidwithers/.m2/repository/cglib/cglib/2.1_3/cglib-2.1_3.jar:/Users/davidwithers/.m2/repository/asm/asm/1.5.3/asm-1.5.3.jar:/Users/davidwithers/.m2/repository/geronimo-spec/geronimo-spec-jta/1.0-M1/geronimo-spec-jta-1.0-M1.jar:/Users/davidwithers/.m2/repository/org/springframework/spring-orm/2.5.4/spring-orm-2.5.4.jar:/Users/davidwithers/.m2/repository/org/springframework/spring-aop/2.5.4/spring-aop-2.5.4.jar:/Users/davidwithers/.m2/repository/org/springframework/spring-jdbc/2.5.4/spring-jdbc-2.5.4.jar:/Users/davidwithers/.m2/repository/org/aspectj/aspectjrt/1.6.0/aspectjrt-1.6.0.jar:/Users/davidwithers/.m2/repository/org/aspectj/aspectjweaver/1.6.0/aspectjweaver-1.6.0.jar:/Users/davidwithers/.m2/repository/antlr/antlr/2.7.7/antlr-2.7.7.jar:/Users/davidwithers/.m2/repository/net/sf/taverna/t2/core/reference-core-extensions/1.1/reference-core-extensions-1.1.jar:/Users/davidwithers/.m2/repository/junit/junit/4.4/junit-4.4.jar:"/>
    <property name="java.specification.name" value="Java Platform API Specification"/>
    <property name="java.class.version" value="50.0"/>
    <property name="sun.management.compiler" value="HotSpot 64-Bit Server Compiler"/>
    <property name="os.version" value="10.6.3"/>
    <property name="user.home" value="/Users/davidwithers"/>
    <property name="user.timezone" value=""/>
    <property name="java.awt.printerjob" value="apple.awt.CPrinterJob"/>
    <property name="java.specification.version" value="1.6"/>
    <property name="file.encoding" value="MacRoman"/>
    <property name="user.name" value="davidwithers"/>
    <property name="java.class.path" value="/Users/davidwithers/Documents/workspace/sadi-activity/target/test-classes:/Users/davidwithers/Documents/workspace/sadi-activity/target/classes:/Users/davidwithers/.m2/repository/ca/wilkinsonlab/sadi/sadi-client/0.0.4-SNAPSHOT/sadi-client-0.0.4-SNAPSHOT.jar:/Users/davidwithers/.m2/repository/ca/wilkinsonlab/sadi/sadi-common/0.0.4-SNAPSHOT/sadi-common-0.0.4-SNAPSHOT.jar:/Users/davidwithers/.m2/repository/commons-lang/commons-lang/2.4/commons-lang-2.4.jar:/Users/davidwithers/.m2/repository/commons-configuration/commons-configuration/1.5/commons-configuration-1.5.jar:/Users/davidwithers/.m2/repository/commons-collections/commons-collections/3.2/commons-collections-3.2.jar:/Users/davidwithers/.m2/repository/commons-logging/commons-logging/1.1/commons-logging-1.1.jar:/Users/davidwithers/.m2/repository/logkit/logkit/1.0.1/logkit-1.0.1.jar:/Users/davidwithers/.m2/repository/avalon-framework/avalon-framework/4.1.3/avalon-framework-4.1.3.jar:/Users/davidwithers/.m2/repository/javax/servlet/servlet-api/2.3/servlet-api-2.3.jar:/Users/davidwithers/.m2/repository/commons-digester/commons-digester/1.8/commons-digester-1.8.jar:/Users/davidwithers/.m2/repository/commons-beanutils/commons-beanutils/1.7.0/commons-beanutils-1.7.0.jar:/Users/davidwithers/.m2/repository/commons-beanutils/commons-beanutils-core/1.7.0/commons-beanutils-core-1.7.0.jar:/Users/davidwithers/.m2/repository/commons-httpclient/commons-httpclient/3.1/commons-httpclient-3.1.jar:/Users/davidwithers/.m2/repository/commons-codec/commons-codec/1.3/commons-codec-1.3.jar:/Users/davidwithers/.m2/repository/org/xlightweb/xlightweb/2.10-taverna/xlightweb-2.10-taverna.jar:/Users/davidwithers/.m2/repository/org/xsocket/xSocket/2.8/xSocket-2.8.jar:/Users/davidwithers/.m2/repository/com/hp/hpl/jena/jena/2.6.0/jena-2.6.0.jar:/Users/davidwithers/.m2/repository/com/hp/hpl/jena/arq/2.7.0/arq-2.7.0.jar:/Users/davidwithers/.m2/repository/com/hp/hpl/jena/iri/0.6/iri-0.6.jar:/Users/davidwithers/.m2/repository/com/ibm/icu/icu4j/3.4.4/icu4j-3.4.4.jar:/Users/davidwithers/.m2/repository/org/slf4j/slf4j-api/1.5.6/slf4j-api-1.5.6.jar:/Users/davidwithers/.m2/repository/xerces/xercesImpl/2.7.1/xercesImpl-2.7.1.jar:/Users/davidwithers/.m2/repository/org/slf4j/slf4j-log4j12/1.5.6/slf4j-log4j12-1.5.6.jar:/Users/davidwithers/.m2/repository/stringtree/stringtree-json/2.0.9/stringtree-json-2.0.9.jar:/Users/davidwithers/.m2/repository/commons-io/commons-io/1.3.1/commons-io-1.3.1.jar:/Users/davidwithers/.m2/repository/net/sf/taverna/t2/core/workflowmodel-api/1.1/workflowmodel-api-1.1.jar:/Users/davidwithers/.m2/repository/net/sf/taverna/t2/core/reference-api/1.1/reference-api-1.1.jar:/Users/davidwithers/.m2/repository/org/springframework/spring-tx/2.5.4/spring-tx-2.5.4.jar:/Users/davidwithers/.m2/repository/org/springframework/spring-beans/2.5.4/spring-beans-2.5.4.jar:/Users/davidwithers/.m2/repository/org/springframework/spring-core/2.5.4/spring-core-2.5.4.jar:/Users/davidwithers/.m2/repository/org/springframework/spring-context/2.5.4/spring-context-2.5.4.jar:/Users/davidwithers/.m2/repository/aopalliance/aopalliance/1.0/aopalliance-1.0.jar:/Users/davidwithers/.m2/repository/net/sf/taverna/t2/infrastructure/spi-discovery-api/2.1/spi-discovery-api-2.1.jar:/Users/davidwithers/.m2/repository/net/sf/taverna/t2/lang/observer/1.0/observer-1.0.jar:/Users/davidwithers/.m2/repository/log4j/log4j/1.2.13/log4j-1.2.13.jar:/Users/davidwithers/.m2/repository/net/sf/taverna/t2/infrastructure/raven/2.1/raven-2.1.jar:/Users/davidwithers/.m2/repository/net/sf/taverna/t2/infrastructure/raven-log4j/2.1/raven-log4j-2.1.jar:/Users/davidwithers/.m2/repository/net/sf/taverna/t2/infrastructure/appconfig/2.1/appconfig-2.1.jar:/Users/davidwithers/.m2/repository/net/sf/taverna/t2/infrastructure/launcher-api/2.1/launcher-api-2.1.jar:/Users/davidwithers/.m2/repository/net/sf/taverna/t2/infrastructure/prelauncher/2.1/prelauncher-2.1.jar:/Users/davidwithers/.m2/repository/jdom/jdom/1.0/jdom-1.0.jar:/Users/davidwithers/.m2/repository/net/sf/taverna/t2/core/workflowmodel-impl/1.1/workflowmodel-impl-1.1.jar:/Users/davidwithers/.m2/repository/com/thoughtworks/xstream/xstream/1.2.1/xstream-1.2.1.jar:/Users/davidwithers/.m2/repository/xpp3/xpp3_min/1.1.3.4.O/xpp3_min-1.1.3.4.O.jar:/Users/davidwithers/.m2/repository/net/sf/taverna/t2/activities/activity-test-utils/1.1/activity-test-utils-1.1.jar:/Users/davidwithers/.m2/repository/net/sf/taverna/t2/core/reference-impl/1.1/reference-impl-1.1.jar:/Users/davidwithers/.m2/repository/org/hibernate/hibernate/3.2.5.ga.raven/hibernate-3.2.5.ga.raven.jar:/Users/davidwithers/.m2/repository/dom4j/dom4j/1.6.1/dom4j-1.6.1.jar:/Users/davidwithers/.m2/repository/cglib/cglib/2.1_3/cglib-2.1_3.jar:/Users/davidwithers/.m2/repository/asm/asm/1.5.3/asm-1.5.3.jar:/Users/davidwithers/.m2/repository/geronimo-spec/geronimo-spec-jta/1.0-M1/geronimo-spec-jta-1.0-M1.jar:/Users/davidwithers/.m2/repository/org/springframework/spring-orm/2.5.4/spring-orm-2.5.4.jar:/Users/davidwithers/.m2/repository/org/springframework/spring-aop/2.5.4/spring-aop-2.5.4.jar:/Users/davidwithers/.m2/repository/org/springframework/spring-jdbc/2.5.4/spring-jdbc-2.5.4.jar:/Users/davidwithers/.m2/repository/org/aspectj/aspectjrt/1.6.0/aspectjrt-1.6.0.jar:/Users/davidwithers/.m2/repository/org/aspectj/aspectjweaver/1.6.0/aspectjweaver-1.6.0.jar:/Users/davidwithers/.m2/repository/antlr/antlr/2.7.7/antlr-2.7.7.jar:/Users/davidwithers/.m2/repository/net/sf/taverna/t2/core/reference-core-extensions/1.1/reference-core-extensions-1.1.jar:/Users/davidwithers/.m2/repository/junit/junit/4.4/junit-4.4.jar:"/>
    <property name="java.vm.specification.version" value="1.0"/>
    <property name="sun.arch.data.model" value="64"/>
    <property name="java.home" value="/System/Library/Frameworks/JavaVM.framework/Versions/1.6.0/Home"/>
    <property name="java.specification.vendor" value="Sun Microsystems Inc."/>
    <property name="user.language" value="en"/>
    <property name="awt.toolkit" value="apple.awt.CToolkit"/>
    <property name="java.vm.info" value="mixed mode"/>
    <property name="java.version" value="1.6.0_17"/>
    <property name="java.ext.dirs" value="/Library/Java/Extensions:/System/Library/Java/Extensions:/System/Library/Frameworks/JavaVM.framework/Versions/1.6.0/Home/lib/ext"/>
    <property name="sun.boot.class.path" value="/System/Library/Frameworks/JavaVM.framework/Versions/1.6.0/Classes/jsfd.jar:/System/Library/Frameworks/JavaVM.framework/Versions/1.6.0/Classes/classes.jar:/System/Library/Frameworks/JavaVM.framework/Frameworks/JavaRuntimeSupport.framework/Resources/Java/JavaRuntimeSupport.jar:/System/Library/Frameworks/JavaVM.framework/Versions/1.6.0/Classes/ui.jar:/System/Library/Frameworks/JavaVM.framework/Versions/1.6.0/Classes/laf.jar:/System/Library/Frameworks/JavaVM.framework/Versions/1.6.0/Classes/sunrsasign.jar:/System/Library/Frameworks/JavaVM.framework/Versions/1.6.0/Classes/jsse.jar:/System/Library/Frameworks/JavaVM.framework/Versions/1.6.0/Classes/jce.jar:/System/Library/Frameworks/JavaVM.framework/Versions/1.6.0/Classes/charsets.jar"/>
    <property name="java.vendor" value="Apple Inc."/>
    <property name="java.awt.headless" value="true"/>
    <property name="localRepository" value="/Users/davidwithers/.m2/repository"/>
    <property name="file.separator" value="/"/>
    <property name="java.vendor.url.bug" value="http://bugreport.apple.com/"/>
    <property name="sun.cpu.endian" value="little"/>
    <property name="sun.io.unicode.encoding" value="UnicodeLittle"/>
    <property name="mrj.version" value="1060.1.6.0_17-248"/>
    <property name="sun.cpu.isalist" value=""/>
  </properties>
  <testcase time="0.002" classname="net.sf.taverna.t2.reference.sadi.RDFReferenceTest" name="testToString"/>
  <testcase time="0.002" classname="net.sf.taverna.t2.reference.sadi.RDFReferenceTest" name="testGetResolutionCost"/>
  <testcase time="0.014" classname="net.sf.taverna.t2.reference.sadi.RDFReferenceTest" name="testOpenStream"/>
  <testcase time="0.037" classname="net.sf.taverna.t2.reference.sadi.RDFReferenceTest" name="testGetDataNature"/>
  <testcase time="0.002" classname="net.sf.taverna.t2.reference.sadi.RDFReferenceTest" name="testGetCharset"/>
  <testcase time="0.001" classname="net.sf.taverna.t2.reference.sadi.RDFReferenceTest" name="testGetContents"/>
  <testcase time="0.086" classname="net.sf.taverna.t2.reference.sadi.RDFReferenceTest" name="testSetContents"/>
  <testcase time="0.001" classname="net.sf.taverna.t2.reference.sadi.RDFReferenceTest" name="testGetValue"/>
  <testcase time="0.002" classname="net.sf.taverna.t2.reference.sadi.RDFReferenceTest" name="testSetValue"/>
  <testcase time="0.001" classname="net.sf.taverna.t2.reference.sadi.RDFReferenceTest" name="testGetValueType"/>
</testsuite>