<?xml version="1.0" encoding="UTF-8" ?>
<testsuite errors="0" skipped="0" tests="1" time="0.005" failures="0" name="net.sf.taverna.t2.workflowmodel.serialization.xml.DeserializerImplTest">
  <properties>
    <property value="Java(TM) 2 Runtime Environment, Standard Edition" name="java.runtime.name"/>
    <property value="/System/Library/Frameworks/JavaVM.framework/Versions/1.5.0/Libraries" name="sun.boot.library.path"/>
    <property value="1.5.0_13-119" name="java.vm.version"/>
    <property value="true" name="awt.nativeDoubleBuffering"/>
    <property value="false" name="gopherProxySet"/>
    <property value="Apple Inc." name="java.vm.vendor"/>
    <property value="http://www.apple.com/" name="java.vendor.url"/>
    <property value=":" name="path.separator"/>
    <property value="Java HotSpot(TM) Client VM" name="java.vm.name"/>
    <property value="sun.io" name="file.encoding.pkg"/>
    <property value="US" name="user.country"/>
    <property value="SUN_STANDARD" name="sun.java.launcher"/>
    <property value="unknown" name="sun.os.patch.level"/>
    <property value="Java Virtual Machine Specification" name="java.vm.specification.name"/>
    <property value="/Users/paolo/Documents/workspace/T2Core-provenance-prototype/serializer/serializer-impl" name="user.dir"/>
    <property value="1.5.0_13-b05-237" name="java.runtime.version"/>
    <property value="apple.awt.CGraphicsEnvironment" name="java.awt.graphicsenv"/>
    <property value="/Users/paolo/Documents/workspace/T2Core-provenance-prototype/serializer/serializer-impl" name="basedir"/>
    <property value="/System/Library/Frameworks/JavaVM.framework/Versions/1.5.0/Home/lib/endorsed" name="java.endorsed.dirs"/>
    <property value="i386" name="os.arch"/>
    <property value="/tmp" name="java.io.tmpdir"/>
    <property value="
" name="line.separator"/>
    <property value="Sun Microsystems Inc." name="java.vm.specification.vendor"/>
    <property value="Mac OS X" name="os.name"/>
    <property value="/Library/apache-maven-2.0.8/bin/m2.conf" name="classworlds.conf"/>
    <property value="MacRoman" name="sun.jnu.encoding"/>
    <property value=".:/Library/Java/Extensions:/System/Library/Java/Extensions:/usr/lib/java" name="java.library.path"/>
    <property value="/Users/paolo/Documents/workspace/T2Core-provenance-prototype/serializer/serializer-impl/target/test-classes:/Users/paolo/Documents/workspace/T2Core-provenance-prototype/serializer/serializer-impl/target/classes:/Users/paolo/.m2/repository/jdom/jdom/1.0/jdom-1.0.jar:/Users/paolo/Documents/workspace/T2Core-provenance-prototype/serializer/serializer-api/target/serializer-api-0.3-SNAPSHOT.jar:/Users/paolo/Documents/workspace/T2Core-provenance-prototype/workflowmodel-api/target/workflowmodel-api-0.3-SNAPSHOT.jar:/Users/paolo/.m2/repository/net/sf/taverna/t2/t2reference-api/0.1-SNAPSHOT/t2reference-api-0.1-SNAPSHOT.jar:/Users/paolo/.m2/repository/org/springframework/spring-tx/2.5.4/spring-tx-2.5.4.jar:/Users/paolo/.m2/repository/commons-logging/commons-logging/1.1.1/commons-logging-1.1.1.jar:/Users/paolo/.m2/repository/org/springframework/spring-beans/2.5.4/spring-beans-2.5.4.jar:/Users/paolo/.m2/repository/org/springframework/spring-core/2.5.4/spring-core-2.5.4.jar:/Users/paolo/.m2/repository/org/springframework/spring-context/2.5.4/spring-context-2.5.4.jar:/Users/paolo/.m2/repository/aopalliance/aopalliance/1.0/aopalliance-1.0.jar:/Users/paolo/.m2/repository/net/sf/taverna/t2/spi-discovery-api/0.3-SNAPSHOT/spi-discovery-api-0.3-SNAPSHOT.jar:/Users/paolo/.m2/repository/net/sf/taverna/t2/observer/0.3-SNAPSHOT/observer-0.3-SNAPSHOT.jar:/Users/paolo/.m2/repository/log4j/log4j/1.2.12/log4j-1.2.12.jar:/Users/paolo/.m2/repository/uk/org/mygrid/taverna/raven/raven/1.7-SNAPSHOT/raven-1.7-SNAPSHOT.jar:/Users/paolo/.m2/repository/uk/org/mygrid/taverna/raven/raven-log4j/1.7-SNAPSHOT/raven-log4j-1.7-SNAPSHOT.jar:/Users/paolo/Documents/workspace/T2Core-provenance-prototype/security-api/target/security-api-0.3-SNAPSHOT.jar:/Users/paolo/.m2/repository/net/sf/taverna/t2/provenance/provenance-api/0.0.1-SNAPSHOT/provenance-api-0.0.1-SNAPSHOT.jar:/Users/paolo/Documents/workspace/T2Core-provenance-prototype/workflowmodel-impl/target/workflowmodel-impl-0.3-SNAPSHOT.jar:/Users/paolo/.m2/repository/com/thoughtworks/xstream/xstream/1.2.1/xstream-1.2.1.jar:/Users/paolo/.m2/repository/xpp3/xpp3_min/1.1.3.4.O/xpp3_min-1.1.3.4.O.jar:/Users/paolo/.m2/repository/net/sf/taverna/t2/provenance/provenance-impl/0.0.1-SNAPSHOT/provenance-impl-0.0.1-SNAPSHOT.jar:/Users/paolo/.m2/repository/net/sf/taverna/t2/service/provenance-wsdl/1.0-SNAPSHOT/provenance-wsdl-1.0-SNAPSHOT.jar:/Users/paolo/.m2/repository/net/sf/taverna/t2/provenance-api/0.1.0/provenance-api-0.1.0.jar:/Users/paolo/.m2/repository/net/sf/taverna/t2/cloudone-impl/0.1.0/cloudone-impl-0.1.0.jar:/Users/paolo/.m2/repository/net/sf/taverna/t2/cloudone-api/0.1.0/cloudone-api-0.1.0.jar:/Users/paolo/.m2/repository/net/sf/taverna/t2/tsunami-api/0.1.0/tsunami-api-0.1.0.jar:/Users/paolo/.m2/repository/net/sf/taverna/t2/snowflake-api/0.1.0/snowflake-api-0.1.0.jar:/Users/paolo/.m2/repository/net/sf/taverna/t2/beanable-api/0.1.0/beanable-api-0.1.0.jar:/Users/paolo/.m2/repository/javax/xml/bind/jaxb-api/2.0/jaxb-api-2.0.jar:/Users/paolo/.m2/repository/javax/xml/bind/jsr173_api/1.0/jsr173_api-1.0.jar:/Users/paolo/.m2/repository/javax/activation/activation/1.1/activation-1.1.jar:/Users/paolo/.m2/repository/javax/persistence/persistence-api/1.0/persistence-api-1.0.jar:/Users/paolo/.m2/repository/net/sf/taverna/t2/beanable-jaxb/0.1.0/beanable-jaxb-0.1.0.jar:/Users/paolo/.m2/repository/com/sun/xml/bind/jaxb-impl/2.0.3/jaxb-impl-2.0.3.jar:/Users/paolo/.m2/repository/commons-io/commons-io/1.2/commons-io-1.2.jar:/Users/paolo/.m2/repository/commons-httpclient/commons-httpclient/3.1/commons-httpclient-3.1.jar:/Users/paolo/.m2/repository/commons-codec/commons-codec/1.2/commons-codec-1.2.jar:/Users/paolo/.m2/repository/commons-lang/commons-lang/2.2/commons-lang-2.2.jar:/Users/paolo/.m2/repository/axis/axis/1.3/axis-1.3.jar:/Users/paolo/.m2/repository/axis/axis-jaxrpc/1.3/axis-jaxrpc-1.3.jar:/Users/paolo/.m2/repository/axis/axis-saaj/1.3/axis-saaj-1.3.jar:/Users/paolo/.m2/repository/wsdl4j/wsdl4j/1.5.1/wsdl4j-1.5.1.jar:/Users/paolo/.m2/repository/commons-discovery/commons-discovery/0.2/commons-discovery-0.2.jar:/Users/paolo/.m2/repository/axis/axis-wsdl4j/1.2-RC3/axis-wsdl4j-1.2-RC3.jar:/Users/paolo/.m2/repository/mysql/mysql-connector-java/5.1.5/mysql-connector-java-5.1.5.jar:/Users/paolo/.m2/repository/junit/junit/4.4/junit-4.4.jar:" name="surefire.test.class.path"/>
    <property value="true" name="raven.eclipse"/>
    <property value="Java Platform API Specification" name="java.specification.name"/>
    <property value="49.0" name="java.class.version"/>
    <property value="HotSpot Client Compiler" name="sun.management.compiler"/>
    <property value="10.5.4" name="os.version"/>
    <property value="local|*.local|169.254/16|*.169.254/16" name="http.nonProxyHosts"/>
    <property value="/Users/paolo" name="user.home"/>
    <property value="Europe/Dublin" name="user.timezone"/>
    <property value="apple.awt.CPrinterJob" name="java.awt.printerjob"/>
    <property value="1.5" name="java.specification.version"/>
    <property value="MacRoman" name="file.encoding"/>
    <property value="paolo" name="user.name"/>
    <property value="/Library/apache-maven-2.0.8/boot/classworlds-1.1.jar" name="java.class.path"/>
    <property value="1.0" name="java.vm.specification.version"/>
    <property value="32" name="sun.arch.data.model"/>
    <property value="/System/Library/Frameworks/JavaVM.framework/Versions/1.5.0/Home" name="java.home"/>
    <property value="Sun Microsystems Inc." name="java.specification.vendor"/>
    <property value="en" name="user.language"/>
    <property value="apple.awt.CToolkit" name="awt.toolkit"/>
    <property value="mixed mode, sharing" name="java.vm.info"/>
    <property value="1.5.0_13" name="java.version"/>
    <property value="/Library/Java/Extensions:/System/Library/Java/Extensions:/System/Library/Frameworks/JavaVM.framework/Versions/1.5.0/Home/lib/ext" name="java.ext.dirs"/>
    <property value="/System/Library/Frameworks/JavaVM.framework/Versions/1.5.0/Classes/classes.jar:/System/Library/Frameworks/JavaVM.framework/Versions/1.5.0/Classes/ui.jar:/System/Library/Frameworks/JavaVM.framework/Versions/1.5.0/Classes/laf.jar:/System/Library/Frameworks/JavaVM.framework/Versions/1.5.0/Classes/sunrsasign.jar:/System/Library/Frameworks/JavaVM.framework/Versions/1.5.0/Classes/jsse.jar:/System/Library/Frameworks/JavaVM.framework/Versions/1.5.0/Classes/jce.jar:/System/Library/Frameworks/JavaVM.framework/Versions/1.5.0/Classes/charsets.jar" name="sun.boot.class.path"/>
    <property value="Apple Inc." name="java.vendor"/>
    <property value="true" name="java.awt.headless"/>
    <property value="/Library/apache-maven-2.0.8" name="maven.home"/>
    <property value="/Users/paolo/.m2/repository" name="localRepository"/>
    <property value="/" name="file.separator"/>
    <property value="http://bugreport.apple.com/" name="java.vendor.url.bug"/>
    <property value="little" name="sun.cpu.endian"/>
    <property value="UnicodeLittle" name="sun.io.unicode.encoding"/>
    <property value="1040.1.5.0_13-237" name="mrj.version"/>
    <property value="local|*.local|169.254/16|*.169.254/16" name="socksNonProxyHosts"/>
    <property value="local|*.local|169.254/16|*.169.254/16" name="ftp.nonProxyHosts"/>
    <property value="" name="sun.cpu.isalist"/>
  </properties>
  <testcase classname="net.sf.taverna.t2.workflowmodel.serialization.xml.DeserializerImplTest" time="0.002" name="testDeserialize"/>
</testsuite>