<?xml version="1.0" encoding="UTF-8" ?>
<testsuite failures="0" time="0.027" errors="0" skipped="0" tests="1" name="net.sf.taverna.t2.renderers.TestRendererSPI">
  <properties>
    <property name="java.runtime.name" value="Java(TM) SE Runtime Environment"/>
    <property name="sun.boot.library.path" value="/System/Library/Frameworks/JavaVM.framework/Versions/1.6.0/Libraries"/>
    <property name="java.vm.version" value="14.1-b02-90"/>
    <property name="awt.nativeDoubleBuffering" value="true"/>
    <property name="gopherProxySet" value="false"/>
    <property name="java.vm.vendor" value="Apple Inc."/>
    <property name="java.vendor.url" value="http://www.apple.com/"/>
    <property name="path.separator" value=":"/>
    <property name="java.vm.name" value="Java HotSpot(TM) 64-Bit Server VM"/>
    <property name="file.encoding.pkg" value="sun.io"/>
    <property name="user.country" value="US"/>
    <property name="sun.java.launcher" value="SUN_STANDARD"/>
    <property name="sun.os.patch.level" value="unknown"/>
    <property name="java.vm.specification.name" value="Java Virtual Machine Specification"/>
    <property name="user.dir" value="/Users/alex/Desktop/renderer-pdf"/>
    <property name="java.runtime.version" value="1.6.0_15-b03-219"/>
    <property name="java.awt.graphicsenv" value="apple.awt.CGraphicsEnvironment"/>
    <property name="basedir" value="/Users/alex/Desktop/renderer-pdf"/>
    <property name="java.endorsed.dirs" value="/System/Library/Frameworks/JavaVM.framework/Versions/1.6.0/Home/lib/endorsed"/>
    <property name="os.arch" value="x86_64"/>
    <property name="surefire.real.class.path" value="/var/folders/0w/0w0iqP3PFkuOOylrOiiMcU+++TI/-Tmp-/surefirebooter3143826677766843205.jar"/>
    <property name="java.io.tmpdir" value="/var/folders/0w/0w0iqP3PFkuOOylrOiiMcU+++TI/-Tmp-/"/>
    <property name="line.separator" value="
"/>
    <property name="java.vm.specification.vendor" value="Sun Microsystems Inc."/>
    <property name="os.name" value="Mac OS X"/>
    <property name="sun.jnu.encoding" value="MacRoman"/>
    <property name="java.library.path" value=".:/Library/Java/Extensions:/System/Library/Java/Extensions:/usr/lib/java"/>
    <property name="surefire.test.class.path" value="/Users/alex/Desktop/renderer-pdf/target/test-classes:/Users/alex/Desktop/renderer-pdf/target/classes:/Users/alex/.m2/repository/net/sf/taverna/t2/ui-api/renderers-api/1.2/renderers-api-1.2.jar:/Users/alex/.m2/repository/net/sf/taverna/t2/infrastructure/spi-discovery-api/2.2/spi-discovery-api-2.2.jar:/Users/alex/.m2/repository/net/sf/taverna/t2/lang/observer/1.1/observer-1.1.jar:/Users/alex/.m2/repository/log4j/log4j/1.2.13/log4j-1.2.13.jar:/Users/alex/.m2/repository/net/sf/taverna/t2/infrastructure/raven/2.2/raven-2.2.jar:/Users/alex/.m2/repository/net/sf/taverna/t2/infrastructure/raven-log4j/2.2/raven-log4j-2.2.jar:/Users/alex/.m2/repository/net/sf/taverna/t2/infrastructure/appconfig/2.2/appconfig-2.2.jar:/Users/alex/.m2/repository/net/sf/taverna/t2/infrastructure/launcher-api/2.2/launcher-api-2.2.jar:/Users/alex/.m2/repository/net/sf/taverna/t2/infrastructure/prelauncher/2.2/prelauncher-2.2.jar:/Users/alex/.m2/repository/net/sf/taverna/t2/core/workflowmodel-api/1.2/workflowmodel-api-1.2.jar:/Users/alex/.m2/repository/net/sf/taverna/t2/core/reference-api/1.2/reference-api-1.2.jar:/Users/alex/.m2/repository/org/springframework/spring-tx/2.5.4/spring-tx-2.5.4.jar:/Users/alex/.m2/repository/commons-logging/commons-logging/1.1.1/commons-logging-1.1.1.jar:/Users/alex/.m2/repository/org/springframework/spring-beans/2.5.4/spring-beans-2.5.4.jar:/Users/alex/.m2/repository/org/springframework/spring-core/2.5.4/spring-core-2.5.4.jar:/Users/alex/.m2/repository/org/springframework/spring-context/2.5.4/spring-context-2.5.4.jar:/Users/alex/.m2/repository/aopalliance/aopalliance/1.0/aopalliance-1.0.jar:/Users/alex/.m2/repository/jdom/jdom/1.0/jdom-1.0.jar:/Users/alex/.m2/repository/org/icepdf/icepdf-viewer/4.1.1-taverna/icepdf-viewer-4.1.1-taverna.jar:/Users/alex/.m2/repository/org/icepdf/icepdf-core/4.1.1/icepdf-core-4.1.1.jar:/Users/alex/.m2/repository/junit/junit/4.8.1/junit-4.8.1.jar:/Users/alex/.m2/repository/net/sf/taverna/t2/lang/ui/1.1/ui-1.1.jar:/Users/alex/.m2/repository/net/sf/taverna/jedit/jedit-syntax/2.2.4-taverna/jedit-syntax-2.2.4-taverna.jar:"/>
    <property name="java.specification.name" value="Java Platform API Specification"/>
    <property name="java.class.version" value="50.0"/>
    <property name="sun.management.compiler" value="HotSpot 64-Bit Server Compiler"/>
    <property name="os.version" value="10.6"/>
    <property name="http.nonProxyHosts" value="local|*.local|169.254/16|*.169.254/16"/>
    <property name="user.home" value="/Users/alex"/>
    <property name="user.timezone" value=""/>
    <property name="java.awt.printerjob" value="apple.awt.CPrinterJob"/>
    <property name="java.specification.version" value="1.6"/>
    <property name="file.encoding" value="MacRoman"/>
    <property name="user.name" value="alex"/>
    <property name="java.class.path" value="/Users/alex/Desktop/renderer-pdf/target/test-classes:/Users/alex/Desktop/renderer-pdf/target/classes:/Users/alex/.m2/repository/net/sf/taverna/t2/ui-api/renderers-api/1.2/renderers-api-1.2.jar:/Users/alex/.m2/repository/net/sf/taverna/t2/infrastructure/spi-discovery-api/2.2/spi-discovery-api-2.2.jar:/Users/alex/.m2/repository/net/sf/taverna/t2/lang/observer/1.1/observer-1.1.jar:/Users/alex/.m2/repository/log4j/log4j/1.2.13/log4j-1.2.13.jar:/Users/alex/.m2/repository/net/sf/taverna/t2/infrastructure/raven/2.2/raven-2.2.jar:/Users/alex/.m2/repository/net/sf/taverna/t2/infrastructure/raven-log4j/2.2/raven-log4j-2.2.jar:/Users/alex/.m2/repository/net/sf/taverna/t2/infrastructure/appconfig/2.2/appconfig-2.2.jar:/Users/alex/.m2/repository/net/sf/taverna/t2/infrastructure/launcher-api/2.2/launcher-api-2.2.jar:/Users/alex/.m2/repository/net/sf/taverna/t2/infrastructure/prelauncher/2.2/prelauncher-2.2.jar:/Users/alex/.m2/repository/net/sf/taverna/t2/core/workflowmodel-api/1.2/workflowmodel-api-1.2.jar:/Users/alex/.m2/repository/net/sf/taverna/t2/core/reference-api/1.2/reference-api-1.2.jar:/Users/alex/.m2/repository/org/springframework/spring-tx/2.5.4/spring-tx-2.5.4.jar:/Users/alex/.m2/repository/commons-logging/commons-logging/1.1.1/commons-logging-1.1.1.jar:/Users/alex/.m2/repository/org/springframework/spring-beans/2.5.4/spring-beans-2.5.4.jar:/Users/alex/.m2/repository/org/springframework/spring-core/2.5.4/spring-core-2.5.4.jar:/Users/alex/.m2/repository/org/springframework/spring-context/2.5.4/spring-context-2.5.4.jar:/Users/alex/.m2/repository/aopalliance/aopalliance/1.0/aopalliance-1.0.jar:/Users/alex/.m2/repository/jdom/jdom/1.0/jdom-1.0.jar:/Users/alex/.m2/repository/org/icepdf/icepdf-viewer/4.1.1-taverna/icepdf-viewer-4.1.1-taverna.jar:/Users/alex/.m2/repository/org/icepdf/icepdf-core/4.1.1/icepdf-core-4.1.1.jar:/Users/alex/.m2/repository/junit/junit/4.8.1/junit-4.8.1.jar:/Users/alex/.m2/repository/net/sf/taverna/t2/lang/ui/1.1/ui-1.1.jar:/Users/alex/.m2/repository/net/sf/taverna/jedit/jedit-syntax/2.2.4-taverna/jedit-syntax-2.2.4-taverna.jar:"/>
    <property name="java.vm.specification.version" value="1.0"/>
    <property name="sun.arch.data.model" value="64"/>
    <property name="java.home" value="/System/Library/Frameworks/JavaVM.framework/Versions/1.6.0/Home"/>
    <property name="java.specification.vendor" value="Sun Microsystems Inc."/>
    <property name="user.language" value="en"/>
    <property name="awt.toolkit" value="apple.awt.CToolkit"/>
    <property name="java.vm.info" value="mixed mode"/>
    <property name="java.version" value="1.6.0_15"/>
    <property name="java.ext.dirs" value="/Library/Java/Extensions:/System/Library/Java/Extensions:/System/Library/Frameworks/JavaVM.framework/Versions/1.6.0/Home/lib/ext"/>
    <property name="sun.boot.class.path" value="/System/Library/Frameworks/JavaVM.framework/Versions/1.6.0/Classes/jsfd.jar:/System/Library/Frameworks/JavaVM.framework/Versions/1.6.0/Classes/classes.jar:/System/Library/Frameworks/JavaVM.framework/Frameworks/JavaRuntimeSupport.framework/Resources/Java/JavaRuntimeSupport.jar:/System/Library/Frameworks/JavaVM.framework/Versions/1.6.0/Classes/ui.jar:/System/Library/Frameworks/JavaVM.framework/Versions/1.6.0/Classes/laf.jar:/System/Library/Frameworks/JavaVM.framework/Versions/1.6.0/Classes/sunrsasign.jar:/System/Library/Frameworks/JavaVM.framework/Versions/1.6.0/Classes/jsse.jar:/System/Library/Frameworks/JavaVM.framework/Versions/1.6.0/Classes/jce.jar:/System/Library/Frameworks/JavaVM.framework/Versions/1.6.0/Classes/charsets.jar"/>
    <property name="java.vendor" value="Apple Inc."/>
    <property name="java.awt.headless" value="true"/>
    <property name="localRepository" value="/Users/alex/.m2/repository"/>
    <property name="file.separator" value="/"/>
    <property name="java.vendor.url.bug" value="http://bugreport.apple.com/"/>
    <property name="sun.cpu.endian" value="little"/>
    <property name="sun.io.unicode.encoding" value="UnicodeLittle"/>
    <property name="mrj.version" value="1060.1.6.0_15-219"/>
    <property name="socksNonProxyHosts" value="local|*.local|169.254/16|*.169.254/16"/>
    <property name="ftp.nonProxyHosts" value="local|*.local|169.254/16|*.169.254/16"/>
    <property name="sun.cpu.isalist" value=""/>
  </properties>
  <testcase time="0.003" classname="net.sf.taverna.t2.renderers.TestRendererSPI" name="doNothing"/>
</testsuite>